2025-05-20 17:27:30,157 - INFO - Output directory created at artifacts/processed_data
2025-05-20 17:27:30,254 - INFO - Data loaded from artifacts/raw/data.csv
2025-05-20 17:27:30,284 - INFO - Label encoder for Efficiency_Status saved.
2025-05-20 17:27:30,290 - INFO - Label encoder for Operation_Mode saved.
2025-05-20 17:27:30,290 - INFO - Data preprocessing completed.
2025-05-20 17:27:30,316 - INFO - Scaler saved at artifacts/processed_data/scaler.pkl
2025-05-20 17:27:30,318 - INFO - X_train saved at artifacts/processed_data/X_train.pkl
2025-05-20 17:27:30,318 - INFO - X_test saved at artifacts/processed_data/X_test.pkl
2025-05-20 17:27:30,319 - INFO - y_train saved at artifacts/processed_data/y_train.pkl
2025-05-20 17:27:30,320 - INFO - y_test saved at artifacts/processed_data/y_test.pkl
2025-05-20 17:27:30,321 - INFO - Data processing pipeline completed successfully.
2025-05-20 17:46:24,650 - INFO - Model output directory created at artifacts/model
2025-05-20 17:46:24,650 - ERROR - File not found: [Errno 2] No such file or directory: 'artifacts/processed/X_train.pkl'
2025-05-20 17:46:24,650 - ERROR - An error occurred during the model training process: Failed to load the data | Error: [Errno 2] No such file or directory: 'artifacts/processed/X_train.pkl' | File: /Users/myatkaung/Desktop/MLOPS_PROJECTS/Project9/src/model_training.py | Line: 23
2025-05-20 17:46:43,523 - INFO - Model output directory created at artifacts/model
2025-05-20 17:46:43,533 - INFO - Data loaded from artifacts/processed_data
2025-05-20 17:46:43,658 - INFO - Model trained and saved at artifacts/model/model.pkl
2025-05-20 17:46:43,665 - INFO - Model evaluation completed. Accuracy: 0.91655
2025-05-20 17:46:43,665 - INFO - Classification Report:
              precision    recall  f1-score   support

           0       0.85      0.83      0.84       597
           1       0.95      0.96      0.95     15565
           2       0.80      0.76      0.78      3838

    accuracy                           0.92     20000
   macro avg       0.86      0.85      0.86     20000
weighted avg       0.91      0.92      0.92     20000

2025-05-20 17:50:02,349 - INFO - Output directory created at artifacts/processed_data
2025-05-20 17:50:02,445 - INFO - Data loaded from artifacts/raw/data.csv
2025-05-20 17:50:02,477 - INFO - Label encoder for Efficiency_Status saved.
2025-05-20 17:50:02,483 - INFO - Label encoder for Operation_Mode saved.
2025-05-20 17:50:02,483 - INFO - Data preprocessing completed.
2025-05-20 17:50:02,510 - INFO - Scaler saved at artifacts/processed_data/scaler.pkl
2025-05-20 17:50:02,513 - INFO - X_train saved at artifacts/processed_data/X_train.pkl
2025-05-20 17:50:02,514 - INFO - X_test saved at artifacts/processed_data/X_test.pkl
2025-05-20 17:50:02,515 - INFO - y_train saved at artifacts/processed_data/y_train.pkl
2025-05-20 17:50:02,516 - INFO - y_test saved at artifacts/processed_data/y_test.pkl
2025-05-20 17:50:02,518 - INFO - Data processing pipeline completed successfully.
2025-05-20 17:50:02,518 - INFO - Model output directory created at artifacts/model
2025-05-20 17:50:02,521 - INFO - Data loaded from artifacts/processed_data
2025-05-20 17:50:02,640 - INFO - Model trained and saved at artifacts/model/model.pkl
2025-05-20 17:50:02,646 - INFO - Model evaluation completed. Accuracy: 0.91655
2025-05-20 17:50:02,646 - INFO - Classification Report:
              precision    recall  f1-score   support

           0       0.85      0.83      0.84       597
           1       0.95      0.96      0.95     15565
           2       0.80      0.76      0.78      3838

    accuracy                           0.92     20000
   macro avg       0.86      0.85      0.86     20000
weighted avg       0.91      0.92      0.92     20000

2025-05-20 17:50:02,646 - INFO - ✅ Training pipeline completed successfully.
